  [1m[36mSQL (0.2ms)[0m  [1mSHOW TABLES[0m
  [1m[35mSQL (140.0ms)[0m  CREATE TABLE `schema_migrations` (`version` varchar(255) NOT NULL) ENGINE=InnoDB
  [1m[36mSQL (0.5ms)[0m  [1mSHOW KEYS FROM `schema_migrations`[0m
  [1m[35mSQL (234.1ms)[0m  CREATE UNIQUE INDEX `unique_schema_migrations` ON `schema_migrations` (`version`)
  [1m[36mSQL (0.7ms)[0m  [1mSHOW TABLES[0m
  [1m[35mSQL (0.5ms)[0m  SHOW TABLES
  [1m[36mSQL (0.4ms)[0m  [1mSELECT `schema_migrations`.`version` FROM `schema_migrations`[0m
Migrating to CreateUsers (20120528192331)
  [1m[35mSQL (144.0ms)[0m  CREATE TABLE `users` (`id` int(11) DEFAULT NULL auto_increment PRIMARY KEY, `email` varchar(255), `username` varchar(255), `created_at` datetime, `updated_at` datetime) ENGINE=InnoDB
  [1m[36mSQL (49.0ms)[0m  [1mINSERT INTO `schema_migrations` (`version`) VALUES ('20120528192331')[0m
Migrating to CreatePeople (20120528192338)
  [1m[35mSQL (161.4ms)[0m  CREATE TABLE `people` (`id` int(11) DEFAULT NULL auto_increment PRIMARY KEY, `user_id` int(11), `guid` int(11), `created_at` datetime, `updated_at` datetime) ENGINE=InnoDB
  [1m[36mSQL (42.7ms)[0m  [1mINSERT INTO `schema_migrations` (`version`) VALUES ('20120528192338')[0m
Migrating to CreateProfiles (20120528192359)
  [1m[35mSQL (171.7ms)[0m  CREATE TABLE `profiles` (`id` int(11) DEFAULT NULL auto_increment PRIMARY KEY, `first_name` varchar(255), `last_name` varchar(255), `designation` varchar(255), `location` varchar(255), `department` varchar(255), `person_id` int(11), `searchable` tinyint(1), `bio` text, `created_at` datetime, `updated_at` datetime) ENGINE=InnoDB
  [1m[36mSQL (42.6ms)[0m  [1mINSERT INTO `schema_migrations` (`version`) VALUES ('20120528192359')[0m
  [1m[35mSQL (0.6ms)[0m  SHOW TABLES
  [1m[36mSQL (0.4ms)[0m  [1mSELECT `schema_migrations`.`version` FROM `schema_migrations`[0m
  [1m[35mSQL (0.5ms)[0m  SHOW TABLES
  [1m[36mSQL (1.1ms)[0m  [1mdescribe `people`[0m
  [1m[35mSQL (0.4ms)[0m  SHOW KEYS FROM `people`
  [1m[36mSQL (0.7ms)[0m  [1mdescribe `profiles`[0m
  [1m[35mSQL (0.3ms)[0m  SHOW KEYS FROM `profiles`
  [1m[36mSQL (0.6ms)[0m  [1mdescribe `users`[0m
  [1m[35mSQL (0.3ms)[0m  SHOW KEYS FROM `users`
DEPRECATION WARNING: config.action_view.debug_rjs will be removed in 3.1, from 3.1 onwards you will need to install prototype-rails to continue to use RJS templates . (called from service at /home/srikanth/.rvm/rubies/ruby-1.9.2-p290/lib/ruby/1.9.1/webrick/httpserver.rb:111)


Started GET "/stream" for 127.0.0.1 at 2012-05-29 01:14:44 +0530

ActionController::RoutingError (No route matches "/stream"):
  

Rendered /home/srikanth/.rvm/gems/ruby-1.9.2-p290/gems/actionpack-3.0.11/lib/action_dispatch/middleware/templates/rescues/routing_error.erb within rescues/layout (2.9ms)
DEPRECATION WARNING: config.action_view.debug_rjs will be removed in 3.1, from 3.1 onwards you will need to install prototype-rails to continue to use RJS templates . (called from service at /home/srikanth/.rvm/rubies/ruby-1.9.2-p290/lib/ruby/1.9.1/webrick/httpserver.rb:111)


Started GET "/users.json" for 127.0.0.1 at 2012-05-29 01:35:29 +0530

ActionController::RoutingError (No route matches "/users.json"):
  

Rendered /home/srikanth/.rvm/gems/ruby-1.9.2-p290/gems/actionpack-3.0.11/lib/action_dispatch/middleware/templates/rescues/routing_error.erb within rescues/layout (1.2ms)


Started GET "/users.json" for 127.0.0.1 at 2012-05-29 01:36:19 +0530
  Processing by UsersController#index as JSON
  [1m[36mUser Load (0.5ms)[0m  [1mSELECT `users`.* FROM `users`[0m
Rendered users/index.json.rabl (0.5ms)
Completed 200 OK in 74ms (Views: 3.5ms | ActiveRecord: 0.5ms)


Started GET "/users.json" for 127.0.0.1 at 2012-05-29 01:41:24 +0530
  Processing by UsersController#index as JSON
  [1m[35mUser Load (0.6ms)[0m  SELECT `users`.* FROM `users`
Rendered users/index.json.rabl (7.3ms)
Completed 200 OK in 13ms (Views: 10.1ms | ActiveRecord: 0.6ms)


Started GET "/users.json" for 127.0.0.1 at 2012-05-29 01:45:19 +0530
  Processing by UsersController#index as JSON
  [1m[36mUser Load (0.4ms)[0m  [1mSELECT `users`.* FROM `users`[0m
Rendered users/index.json.rabl (25.9ms)
Completed 500 Internal Server Error in 35ms

ActionView::Template::Error (undefined method `profile' for #<User:0xa8451fc>):
    1: object @users
    2: attributes :id, :username
    3: child :profile do
    4:   attributes :id, :first_name, :last_name
  app/views/users/index.json.rabl:1:in `_app_views_users_index_json_rabl___98718902_88038060__900877786'

Rendered /home/srikanth/.rvm/gems/ruby-1.9.2-p290/gems/actionpack-3.0.11/lib/action_dispatch/middleware/templates/rescues/_trace.erb (2.7ms)
Rendered /home/srikanth/.rvm/gems/ruby-1.9.2-p290/gems/actionpack-3.0.11/lib/action_dispatch/middleware/templates/rescues/_request_and_response.erb (3.5ms)
Rendered /home/srikanth/.rvm/gems/ruby-1.9.2-p290/gems/actionpack-3.0.11/lib/action_dispatch/middleware/templates/rescues/template_error.erb within rescues/layout (15.0ms)
